internal/modules/cjs/loader.js:905
  throw err;
  ^

Error: Cannot find module 'fastify'
Require stack:
- C:\APIs\Postgis-Node-API\index.js
    at Function.Module._resolveFilename (internal/modules/cjs/loader.js:902:15)
    at Function.Module._load (internal/modules/cjs/loader.js:746:27)
    at Module.require (internal/modules/cjs/loader.js:974:19)
    at require (internal/modules/cjs/helpers.js:101:18)
    at Object.<anonymous> (C:\APIs\Postgis-Node-API\index.js:3:17)
    at Module._compile (internal/modules/cjs/loader.js:1085:14)
    at Object.Module._extensions..js (internal/modules/cjs/loader.js:1114:10)
    at Module.load (internal/modules/cjs/loader.js:950:32)
    at Function.Module._load (internal/modules/cjs/loader.js:790:12)
    at Function.executeUserEntryPoint [as runMain] (internal/modules/run_main.js:75:12) {
  code: 'MODULE_NOT_FOUND',
  requireStack: [ 'C:\\APIs\\Postgis-Node-API\\index.js' ]
}
internal/modules/cjs/loader.js:905
  throw err;
  ^

Error: Cannot find module 'fastify'
Require stack:
- C:\APIs\Postgis-Node-API\index.js
    at Function.Module._resolveFilename (internal/modules/cjs/loader.js:902:15)
    at Function.Module._load (internal/modules/cjs/loader.js:746:27)
    at Module.require (internal/modules/cjs/loader.js:974:19)
    at require (internal/modules/cjs/helpers.js:101:18)
    at Object.<anonymous> (C:\APIs\Postgis-Node-API\index.js:3:17)
    at Module._compile (internal/modules/cjs/loader.js:1085:14)
    at Object.Module._extensions..js (internal/modules/cjs/loader.js:1114:10)
    at Module.load (internal/modules/cjs/loader.js:950:32)
    at Function.Module._load (internal/modules/cjs/loader.js:790:12)
    at Function.executeUserEntryPoint [as runMain] (internal/modules/run_main.js:75:12) {
  code: 'MODULE_NOT_FOUND',
  requireStack: [ 'C:\\APIs\\Postgis-Node-API\\index.js' ]
}
internal/modules/cjs/loader.js:905
  throw err;
  ^

Error: Cannot find module 'fastify'
Require stack:
- C:\APIs\Postgis-Node-API\index.js
    at Function.Module._resolveFilename (internal/modules/cjs/loader.js:902:15)
    at Function.Module._load (internal/modules/cjs/loader.js:746:27)
    at Module.require (internal/modules/cjs/loader.js:974:19)
    at require (internal/modules/cjs/helpers.js:101:18)
    at Object.<anonymous> (C:\APIs\Postgis-Node-API\index.js:3:17)
    at Module._compile (internal/modules/cjs/loader.js:1085:14)
    at Object.Module._extensions..js (internal/modules/cjs/loader.js:1114:10)
    at Module.load (internal/modules/cjs/loader.js:950:32)
    at Function.Module._load (internal/modules/cjs/loader.js:790:12)
    at Function.executeUserEntryPoint [as runMain] (internal/modules/run_main.js:75:12) {
  code: 'MODULE_NOT_FOUND',
  requireStack: [ 'C:\\APIs\\Postgis-Node-API\\index.js' ]
}
internal/modules/cjs/loader.js:905
  throw err;
  ^

Error: Cannot find module 'fastify'
Require stack:
- C:\APIs\Postgis-Node-API\index.js
    at Function.Module._resolveFilename (internal/modules/cjs/loader.js:902:15)
    at Function.Module._load (internal/modules/cjs/loader.js:746:27)
    at Module.require (internal/modules/cjs/loader.js:974:19)
    at require (internal/modules/cjs/helpers.js:101:18)
    at Object.<anonymous> (C:\APIs\Postgis-Node-API\index.js:3:17)
    at Module._compile (internal/modules/cjs/loader.js:1085:14)
    at Object.Module._extensions..js (internal/modules/cjs/loader.js:1114:10)
    at Module.load (internal/modules/cjs/loader.js:950:32)
    at Function.Module._load (internal/modules/cjs/loader.js:790:12)
    at Function.executeUserEntryPoint [as runMain] (internal/modules/run_main.js:75:12) {
  code: 'MODULE_NOT_FOUND',
  requireStack: [ 'C:\\APIs\\Postgis-Node-API\\index.js' ]
}
internal/modules/cjs/loader.js:905
  throw err;
  ^

Error: Cannot find module 'fastify'
Require stack:
- C:\APIs\Postgis-Node-API\index.js
    at Function.Module._resolveFilename (internal/modules/cjs/loader.js:902:15)
    at Function.Module._load (internal/modules/cjs/loader.js:746:27)
    at Module.require (internal/modules/cjs/loader.js:974:19)
    at require (internal/modules/cjs/helpers.js:101:18)
    at Object.<anonymous> (C:\APIs\Postgis-Node-API\index.js:3:17)
    at Module._compile (internal/modules/cjs/loader.js:1085:14)
    at Object.Module._extensions..js (internal/modules/cjs/loader.js:1114:10)
    at Module.load (internal/modules/cjs/loader.js:950:32)
    at Function.Module._load (internal/modules/cjs/loader.js:790:12)
    at Function.executeUserEntryPoint [as runMain] (internal/modules/run_main.js:75:12) {
  code: 'MODULE_NOT_FOUND',
  requireStack: [ 'C:\\APIs\\Postgis-Node-API\\index.js' ]
}
internal/modules/cjs/loader.js:905
  throw err;
  ^

Error: Cannot find module 'fastify'
Require stack:
- C:\APIs\Postgis-Node-API\index.js
    at Function.Module._resolveFilename (internal/modules/cjs/loader.js:902:15)
    at Function.Module._load (internal/modules/cjs/loader.js:746:27)
    at Module.require (internal/modules/cjs/loader.js:974:19)
    at require (internal/modules/cjs/helpers.js:101:18)
    at Object.<anonymous> (C:\APIs\Postgis-Node-API\index.js:3:17)
    at Module._compile (internal/modules/cjs/loader.js:1085:14)
    at Object.Module._extensions..js (internal/modules/cjs/loader.js:1114:10)
    at Module.load (internal/modules/cjs/loader.js:950:32)
    at Function.Module._load (internal/modules/cjs/loader.js:790:12)
    at Function.executeUserEntryPoint [as runMain] (internal/modules/run_main.js:75:12) {
  code: 'MODULE_NOT_FOUND',
  requireStack: [ 'C:\\APIs\\Postgis-Node-API\\index.js' ]
}
internal/modules/cjs/loader.js:905
  throw err;
  ^

Error: Cannot find module 'fastify'
Require stack:
- C:\APIs\Postgis-Node-API\index.js
    at Function.Module._resolveFilename (internal/modules/cjs/loader.js:902:15)
    at Function.Module._load (internal/modules/cjs/loader.js:746:27)
    at Module.require (internal/modules/cjs/loader.js:974:19)
    at require (internal/modules/cjs/helpers.js:101:18)
    at Object.<anonymous> (C:\APIs\Postgis-Node-API\index.js:3:17)
    at Module._compile (internal/modules/cjs/loader.js:1085:14)
    at Object.Module._extensions..js (internal/modules/cjs/loader.js:1114:10)
    at Module.load (internal/modules/cjs/loader.js:950:32)
    at Function.Module._load (internal/modules/cjs/loader.js:790:12)
    at Function.executeUserEntryPoint [as runMain] (internal/modules/run_main.js:75:12) {
  code: 'MODULE_NOT_FOUND',
  requireStack: [ 'C:\\APIs\\Postgis-Node-API\\index.js' ]
}
internal/modules/cjs/loader.js:905
  throw err;
  ^

Error: Cannot find module 'fastify'
Require stack:
- C:\APIs\Postgis-Node-API\index.js
    at Function.Module._resolveFilename (internal/modules/cjs/loader.js:902:15)
    at Function.Module._load (internal/modules/cjs/loader.js:746:27)
    at Module.require (internal/modules/cjs/loader.js:974:19)
    at require (internal/modules/cjs/helpers.js:101:18)
    at Object.<anonymous> (C:\APIs\Postgis-Node-API\index.js:3:17)
    at Module._compile (internal/modules/cjs/loader.js:1085:14)
    at Object.Module._extensions..js (internal/modules/cjs/loader.js:1114:10)
    at Module.load (internal/modules/cjs/loader.js:950:32)
    at Function.Module._load (internal/modules/cjs/loader.js:790:12)
    at Function.executeUserEntryPoint [as runMain] (internal/modules/run_main.js:75:12) {
  code: 'MODULE_NOT_FOUND',
  requireStack: [ 'C:\\APIs\\Postgis-Node-API\\index.js' ]
}
internal/modules/cjs/loader.js:905
  throw err;
  ^

Error: Cannot find module 'fastify'
Require stack:
- C:\APIs\Postgis-Node-API\index.js
    at Function.Module._resolveFilename (internal/modules/cjs/loader.js:902:15)
    at Function.Module._load (internal/modules/cjs/loader.js:746:27)
    at Module.require (internal/modules/cjs/loader.js:974:19)
    at require (internal/modules/cjs/helpers.js:101:18)
    at Object.<anonymous> (C:\APIs\Postgis-Node-API\index.js:3:17)
    at Module._compile (internal/modules/cjs/loader.js:1085:14)
    at Object.Module._extensions..js (internal/modules/cjs/loader.js:1114:10)
    at Module.load (internal/modules/cjs/loader.js:950:32)
    at Function.Module._load (internal/modules/cjs/loader.js:790:12)
    at Function.executeUserEntryPoint [as runMain] (internal/modules/run_main.js:75:12) {
  code: 'MODULE_NOT_FOUND',
  requireStack: [ 'C:\\APIs\\Postgis-Node-API\\index.js' ]
}

C:\APIs\Postgis-Node-API\node_modules\fastify\lib\route.js:271
            throw new FST_ERR_DUPLICATED_ROUTE(opts.method, opts.url)
            ^
FastifyError [Error]: Method 'GET' already declared for route '/v1/get_dropdown'
    at Object.addNewRoute (C:\APIs\Postgis-Node-API\node_modules\fastify\lib\route.js:271:19)
    at Object.route (C:\APIs\Postgis-Node-API\node_modules\fastify\lib\route.js:196:19)
    at Object._route [as route] (C:\APIs\Postgis-Node-API\node_modules\fastify\fastify.js:268:27)
    at module.exports (C:\APIs\Postgis-Node-API\deployments\IMAGE_NYC_2022\custom_routes\getDropDown.js:19:11)
    at Plugin.exec (C:\APIs\Postgis-Node-API\node_modules\avvio\plugin.js:130:19)
    at Boot.loadPlugin (C:\APIs\Postgis-Node-API\node_modules\avvio\plugin.js:272:10)
    at processTicksAndRejections (internal/process/task_queues.js:82:21) {
  code: 'FST_ERR_DUPLICATED_ROUTE',
  statusCode: 500
}

C:\APIs\Postgis-Node-API\node_modules\fastify\lib\route.js:271
            throw new FST_ERR_DUPLICATED_ROUTE(opts.method, opts.url)
            ^
FastifyError [Error]: Method 'GET' already declared for route '/v1/get_dropdown'
    at Object.addNewRoute (C:\APIs\Postgis-Node-API\node_modules\fastify\lib\route.js:271:19)
    at Object.route (C:\APIs\Postgis-Node-API\node_modules\fastify\lib\route.js:196:19)
    at Object._route [as route] (C:\APIs\Postgis-Node-API\node_modules\fastify\fastify.js:268:27)
    at module.exports (C:\APIs\Postgis-Node-API\deployments\IMAGE_NYC_2022\custom_routes\getDropDown.js:19:11)
    at Plugin.exec (C:\APIs\Postgis-Node-API\node_modules\avvio\plugin.js:130:19)
    at Boot.loadPlugin (C:\APIs\Postgis-Node-API\node_modules\avvio\plugin.js:272:10)
    at processTicksAndRejections (internal/process/task_queues.js:82:21) {
  code: 'FST_ERR_DUPLICATED_ROUTE',
  statusCode: 500
}

C:\APIs\Postgis-Node-API\node_modules\fastify\lib\route.js:271
            throw new FST_ERR_DUPLICATED_ROUTE(opts.method, opts.url)
            ^
FastifyError [Error]: Method 'GET' already declared for route '/v1/get_dropdown'
    at Object.addNewRoute (C:\APIs\Postgis-Node-API\node_modules\fastify\lib\route.js:271:19)
    at Object.route (C:\APIs\Postgis-Node-API\node_modules\fastify\lib\route.js:196:19)
    at Object._route [as route] (C:\APIs\Postgis-Node-API\node_modules\fastify\fastify.js:268:27)
    at module.exports (C:\APIs\Postgis-Node-API\deployments\IMAGE_NYC_2022\custom_routes\getDropDown.js:19:11)
    at Plugin.exec (C:\APIs\Postgis-Node-API\node_modules\avvio\plugin.js:130:19)
    at Boot.loadPlugin (C:\APIs\Postgis-Node-API\node_modules\avvio\plugin.js:272:10)
    at processTicksAndRejections (internal/process/task_queues.js:82:21) {
  code: 'FST_ERR_DUPLICATED_ROUTE',
  statusCode: 500
}

C:\APIs\Postgis-Node-API\node_modules\fastify\lib\route.js:271
            throw new FST_ERR_DUPLICATED_ROUTE(opts.method, opts.url)
            ^
FastifyError [Error]: Method 'GET' already declared for route '/v1/get_dropdown'
    at Object.addNewRoute (C:\APIs\Postgis-Node-API\node_modules\fastify\lib\route.js:271:19)
    at Object.route (C:\APIs\Postgis-Node-API\node_modules\fastify\lib\route.js:196:19)
    at Object._route [as route] (C:\APIs\Postgis-Node-API\node_modules\fastify\fastify.js:268:27)
    at module.exports (C:\APIs\Postgis-Node-API\deployments\IMAGE_NYC_2022\custom_routes\getDropDown.js:19:11)
    at Plugin.exec (C:\APIs\Postgis-Node-API\node_modules\avvio\plugin.js:130:19)
    at Boot.loadPlugin (C:\APIs\Postgis-Node-API\node_modules\avvio\plugin.js:272:10)
    at processTicksAndRejections (internal/process/task_queues.js:82:21) {
  code: 'FST_ERR_DUPLICATED_ROUTE',
  statusCode: 500
}

C:\APIs\Postgis-Node-API\node_modules\fastify\lib\route.js:271
            throw new FST_ERR_DUPLICATED_ROUTE(opts.method, opts.url)
            ^
FastifyError [Error]: Method 'GET' already declared for route '/v1/get_dropdown'
    at Object.addNewRoute (C:\APIs\Postgis-Node-API\node_modules\fastify\lib\route.js:271:19)
    at Object.route (C:\APIs\Postgis-Node-API\node_modules\fastify\lib\route.js:196:19)
    at Object._route [as route] (C:\APIs\Postgis-Node-API\node_modules\fastify\fastify.js:268:27)
    at module.exports (C:\APIs\Postgis-Node-API\deployments\IMAGE_NYC_2022\custom_routes\getDropDown.js:19:11)
    at Plugin.exec (C:\APIs\Postgis-Node-API\node_modules\avvio\plugin.js:130:19)
    at Boot.loadPlugin (C:\APIs\Postgis-Node-API\node_modules\avvio\plugin.js:272:10)
    at processTicksAndRejections (internal/process/task_queues.js:82:21) {
  code: 'FST_ERR_DUPLICATED_ROUTE',
  statusCode: 500
}
C:\APIs\Postgis-Node-API\routes\mvt_layered_schema.js:43
  let cols = query.columns.filter(c => c!=='geom');
                           ^

TypeError: query.columns.filter is not a function
    at sql (C:\APIs\Postgis-Node-API\routes\mvt_layered_schema.js:43:28)
    at PendingItem.onConnect [as callback] (C:\APIs\Postgis-Node-API\routes\mvt_layered_schema.js:184:26)
    at BoundPool._acquireClient (C:\APIs\Postgis-Node-API\node_modules\pg-pool\index.js:301:21)
    at Client._connectionCallback (C:\APIs\Postgis-Node-API\node_modules\pg-pool\index.js:273:21)
    at Client._handleReadyForQuery (C:\APIs\Postgis-Node-API\node_modules\pg\lib\client.js:279:14)
    at Connection.emit (events.js:400:28)
    at C:\APIs\Postgis-Node-API\node_modules\pg\lib\connection.js:114:12
    at Parser.parse (C:\APIs\Postgis-Node-API\node_modules\pg-protocol\dist\parser.js:40:17)
    at Socket.<anonymous> (C:\APIs\Postgis-Node-API\node_modules\pg-protocol\dist\index.js:11:42)
    at Socket.emit (events.js:400:28)
C:\APIs\Postgis-Node-API\routes\mvt_layered_schema.js:43
  let cols = query.columns.filter(c => c!=='geom');
                           ^

TypeError: query.columns.filter is not a function
    at sql (C:\APIs\Postgis-Node-API\routes\mvt_layered_schema.js:43:28)
    at PendingItem.onConnect [as callback] (C:\APIs\Postgis-Node-API\routes\mvt_layered_schema.js:184:26)
    at BoundPool._acquireClient (C:\APIs\Postgis-Node-API\node_modules\pg-pool\index.js:301:21)
    at Client._connectionCallback (C:\APIs\Postgis-Node-API\node_modules\pg-pool\index.js:273:21)
    at Client._handleReadyForQuery (C:\APIs\Postgis-Node-API\node_modules\pg\lib\client.js:279:14)
    at Connection.emit (events.js:400:28)
    at C:\APIs\Postgis-Node-API\node_modules\pg\lib\connection.js:114:12
    at Parser.parse (C:\APIs\Postgis-Node-API\node_modules\pg-protocol\dist\parser.js:40:17)
    at Socket.<anonymous> (C:\APIs\Postgis-Node-API\node_modules\pg-protocol\dist\index.js:11:42)
    at Socket.emit (events.js:400:28)
C:\APIs\Postgis-Node-API\routes\mvt_layered_schema.js:43
  let cols = query.columns.filter(c => c!=='geom');
                           ^

TypeError: Cannot read property 'filter' of undefined
    at sql (C:\APIs\Postgis-Node-API\routes\mvt_layered_schema.js:43:28)
    at PendingItem.onConnect [as callback] (C:\APIs\Postgis-Node-API\routes\mvt_layered_schema.js:184:26)
    at BoundPool._acquireClient (C:\APIs\Postgis-Node-API\node_modules\pg-pool\index.js:301:21)
    at Client._connectionCallback (C:\APIs\Postgis-Node-API\node_modules\pg-pool\index.js:273:21)
    at Client._handleReadyForQuery (C:\APIs\Postgis-Node-API\node_modules\pg\lib\client.js:279:14)
    at Connection.emit (events.js:400:28)
    at C:\APIs\Postgis-Node-API\node_modules\pg\lib\connection.js:114:12
    at Parser.parse (C:\APIs\Postgis-Node-API\node_modules\pg-protocol\dist\parser.js:40:17)
    at Socket.<anonymous> (C:\APIs\Postgis-Node-API\node_modules\pg-protocol\dist\index.js:11:42)
    at Socket.emit (events.js:400:28)
C:\APIs\Postgis-Node-API\routes\mvt_layered_schema.js:43
  let cols = query.columns.filter(c => c!=='geom');
                           ^

TypeError: Cannot read property 'filter' of undefined
    at sql (C:\APIs\Postgis-Node-API\routes\mvt_layered_schema.js:43:28)
    at PendingItem.onConnect [as callback] (C:\APIs\Postgis-Node-API\routes\mvt_layered_schema.js:184:26)
    at BoundPool._acquireClient (C:\APIs\Postgis-Node-API\node_modules\pg-pool\index.js:301:21)
    at Client._connectionCallback (C:\APIs\Postgis-Node-API\node_modules\pg-pool\index.js:273:21)
    at Client._handleReadyForQuery (C:\APIs\Postgis-Node-API\node_modules\pg\lib\client.js:279:14)
    at Connection.emit (events.js:400:28)
    at C:\APIs\Postgis-Node-API\node_modules\pg\lib\connection.js:114:12
    at Parser.parse (C:\APIs\Postgis-Node-API\node_modules\pg-protocol\dist\parser.js:40:17)
    at Socket.<anonymous> (C:\APIs\Postgis-Node-API\node_modules\pg-protocol\dist\index.js:11:42)
    at Socket.emit (events.js:400:28)
C:\APIs\Postgis-Node-API\routes\mvt_layered_schema.js:43
  let cols = query.columns.filter(c => c!=='geom');
                           ^

TypeError: query.columns.filter is not a function
    at sql (C:\APIs\Postgis-Node-API\routes\mvt_layered_schema.js:43:28)
    at PendingItem.onConnect [as callback] (C:\APIs\Postgis-Node-API\routes\mvt_layered_schema.js:184:26)
    at BoundPool._acquireClient (C:\APIs\Postgis-Node-API\node_modules\pg-pool\index.js:301:21)
    at Client._connectionCallback (C:\APIs\Postgis-Node-API\node_modules\pg-pool\index.js:273:21)
    at Client._handleReadyForQuery (C:\APIs\Postgis-Node-API\node_modules\pg\lib\client.js:279:14)
    at Connection.emit (events.js:400:28)
    at C:\APIs\Postgis-Node-API\node_modules\pg\lib\connection.js:114:12
    at Parser.parse (C:\APIs\Postgis-Node-API\node_modules\pg-protocol\dist\parser.js:40:17)
    at Socket.<anonymous> (C:\APIs\Postgis-Node-API\node_modules\pg-protocol\dist\index.js:11:42)
    at Socket.emit (events.js:400:28)
C:\APIs\Postgis-Node-API\routes\mvt_layered_schema.js:43
  let cols = query.columns.filter(c => c!=='geom');
                           ^

TypeError: Cannot read property 'filter' of undefined
    at sql (C:\APIs\Postgis-Node-API\routes\mvt_layered_schema.js:43:28)
    at PendingItem.onConnect [as callback] (C:\APIs\Postgis-Node-API\routes\mvt_layered_schema.js:184:26)
    at BoundPool._acquireClient (C:\APIs\Postgis-Node-API\node_modules\pg-pool\index.js:301:21)
    at Client._connectionCallback (C:\APIs\Postgis-Node-API\node_modules\pg-pool\index.js:273:21)
    at Client._handleReadyForQuery (C:\APIs\Postgis-Node-API\node_modules\pg\lib\client.js:279:14)
    at Connection.emit (events.js:400:28)
    at C:\APIs\Postgis-Node-API\node_modules\pg\lib\connection.js:114:12
    at Parser.parse (C:\APIs\Postgis-Node-API\node_modules\pg-protocol\dist\parser.js:40:17)
    at Socket.<anonymous> (C:\APIs\Postgis-Node-API\node_modules\pg-protocol\dist\index.js:11:42)
    at Socket.emit (events.js:400:28)
C:\APIs\Postgis-Node-API\routes\mvt_layered_schema.js:43
  let cols = query.columns.filter(c => c!=='geom');
                           ^

TypeError: Cannot read property 'filter' of undefined
    at sql (C:\APIs\Postgis-Node-API\routes\mvt_layered_schema.js:43:28)
    at PendingItem.onConnect [as callback] (C:\APIs\Postgis-Node-API\routes\mvt_layered_schema.js:184:26)
    at BoundPool._acquireClient (C:\APIs\Postgis-Node-API\node_modules\pg-pool\index.js:301:21)
    at Client._connectionCallback (C:\APIs\Postgis-Node-API\node_modules\pg-pool\index.js:273:21)
    at Client._handleReadyForQuery (C:\APIs\Postgis-Node-API\node_modules\pg\lib\client.js:279:14)
    at Connection.emit (events.js:400:28)
    at C:\APIs\Postgis-Node-API\node_modules\pg\lib\connection.js:114:12
    at Parser.parse (C:\APIs\Postgis-Node-API\node_modules\pg-protocol\dist\parser.js:40:17)
    at Socket.<anonymous> (C:\APIs\Postgis-Node-API\node_modules\pg-protocol\dist\index.js:11:42)
    at Socket.emit (events.js:400:28)
C:\APIs\Postgis-Node-API\routes\mvt_layered_schema.js:43
  let cols = query.columns ? query.columns.filter(c => c!=='geom') : [];
                                           ^

TypeError: query.columns.filter is not a function
    at sql (C:\APIs\Postgis-Node-API\routes\mvt_layered_schema.js:43:44)
    at PendingItem.onConnect [as callback] (C:\APIs\Postgis-Node-API\routes\mvt_layered_schema.js:185:26)
    at BoundPool._acquireClient (C:\APIs\Postgis-Node-API\node_modules\pg-pool\index.js:301:21)
    at BoundPool._pulseQueue (C:\APIs\Postgis-Node-API\node_modules\pg-pool\index.js:146:19)
    at BoundPool._release (C:\APIs\Postgis-Node-API\node_modules\pg-pool\index.js:371:10)
    at C:\APIs\Postgis-Node-API\node_modules\pg-pool\index.js:322:12
    at PendingItem.callback (C:\APIs\Postgis-Node-API\routes\mvt_layered_schema.js:138:11)
    at BoundPool._acquireClient (C:\APIs\Postgis-Node-API\node_modules\pg-pool\index.js:301:21)
    at Client._connectionCallback (C:\APIs\Postgis-Node-API\node_modules\pg-pool\index.js:273:21)
    at Client._handleReadyForQuery (C:\APIs\Postgis-Node-API\node_modules\pg\lib\client.js:279:14)
C:\APIs\Postgis-Node-API\routes\mvt_layered_schema.js:43
  let cols = query.columns ? query.columns.filter(c => c!=='geom') : [];
                                           ^

TypeError: query.columns.filter is not a function
    at sql (C:\APIs\Postgis-Node-API\routes\mvt_layered_schema.js:43:44)
    at PendingItem.onConnect [as callback] (C:\APIs\Postgis-Node-API\routes\mvt_layered_schema.js:185:26)
    at BoundPool._acquireClient (C:\APIs\Postgis-Node-API\node_modules\pg-pool\index.js:301:21)
    at BoundPool._pulseQueue (C:\APIs\Postgis-Node-API\node_modules\pg-pool\index.js:146:19)
    at BoundPool._release (C:\APIs\Postgis-Node-API\node_modules\pg-pool\index.js:371:10)
    at C:\APIs\Postgis-Node-API\node_modules\pg-pool\index.js:322:12
    at PendingItem.callback (C:\APIs\Postgis-Node-API\routes\mvt_layered_schema.js:138:11)
    at BoundPool._acquireClient (C:\APIs\Postgis-Node-API\node_modules\pg-pool\index.js:301:21)
    at Client._connectionCallback (C:\APIs\Postgis-Node-API\node_modules\pg-pool\index.js:273:21)
    at Client._handleReadyForQuery (C:\APIs\Postgis-Node-API\node_modules\pg\lib\client.js:279:14)
C:\APIs\Postgis-Node-API\routes\mvt_layered_schema.js:43
  let cols = query.columns ? query.columns.filter(c => c!=='geom') : [];
                                           ^

TypeError: query.columns.filter is not a function
    at sql (C:\APIs\Postgis-Node-API\routes\mvt_layered_schema.js:43:44)
    at PendingItem.onConnect [as callback] (C:\APIs\Postgis-Node-API\routes\mvt_layered_schema.js:185:26)
    at BoundPool._acquireClient (C:\APIs\Postgis-Node-API\node_modules\pg-pool\index.js:301:21)
    at Client._connectionCallback (C:\APIs\Postgis-Node-API\node_modules\pg-pool\index.js:273:21)
    at Client._handleReadyForQuery (C:\APIs\Postgis-Node-API\node_modules\pg\lib\client.js:279:14)
    at Connection.emit (events.js:400:28)
    at C:\APIs\Postgis-Node-API\node_modules\pg\lib\connection.js:114:12
    at Parser.parse (C:\APIs\Postgis-Node-API\node_modules\pg-protocol\dist\parser.js:40:17)
    at Socket.<anonymous> (C:\APIs\Postgis-Node-API\node_modules\pg-protocol\dist\index.js:11:42)
    at Socket.emit (events.js:400:28)
C:\APIs\Postgis-Node-API\node_modules\pg\lib\query.js:143
          throw err
          ^

TypeError: query.columns.filter is not a function
    at sql (C:\APIs\Postgis-Node-API\routes\mvt_layered_schema.js:43:44)
    at PendingItem.onConnect [as callback] (C:\APIs\Postgis-Node-API\routes\mvt_layered_schema.js:185:26)
    at BoundPool._acquireClient (C:\APIs\Postgis-Node-API\node_modules\pg-pool\index.js:301:21)
    at BoundPool._pulseQueue (C:\APIs\Postgis-Node-API\node_modules\pg-pool\index.js:146:19)
    at BoundPool._release (C:\APIs\Postgis-Node-API\node_modules\pg-pool\index.js:371:10)
    at C:\APIs\Postgis-Node-API\node_modules\pg-pool\index.js:322:12
    at Query.onResult (C:\APIs\Postgis-Node-API\routes\mvt_layered_schema.js:152:15)
    at Query.handleReadyForQuery (C:\APIs\Postgis-Node-API\node_modules\pg\lib\query.js:139:14)
    at Client._handleReadyForQuery (C:\APIs\Postgis-Node-API\node_modules\pg\lib\client.js:290:19)
    at Connection.emit (events.js:400:28)
C:\APIs\Postgis-Node-API\node_modules\pg\lib\query.js:143
          throw err
          ^

TypeError: query.columns.filter is not a function
    at sql (C:\APIs\Postgis-Node-API\routes\mvt_layered_schema.js:43:44)
    at PendingItem.onConnect [as callback] (C:\APIs\Postgis-Node-API\routes\mvt_layered_schema.js:185:26)
    at BoundPool._acquireClient (C:\APIs\Postgis-Node-API\node_modules\pg-pool\index.js:301:21)
    at BoundPool._pulseQueue (C:\APIs\Postgis-Node-API\node_modules\pg-pool\index.js:146:19)
    at BoundPool._release (C:\APIs\Postgis-Node-API\node_modules\pg-pool\index.js:371:10)
    at C:\APIs\Postgis-Node-API\node_modules\pg-pool\index.js:322:12
    at Query.onResult (C:\APIs\Postgis-Node-API\routes\mvt_layered_schema.js:152:15)
    at Query.handleReadyForQuery (C:\APIs\Postgis-Node-API\node_modules\pg\lib\query.js:139:14)
    at Client._handleReadyForQuery (C:\APIs\Postgis-Node-API\node_modules\pg\lib\client.js:290:19)
    at Connection.emit (events.js:400:28)
C:\APIs\Postgis-Node-API\routes\mvt_layered_schema.js:43
  let cols = query.columns ? query.columns.filter(c => c!=='geom') : [];
                                           ^

TypeError: query.columns.filter is not a function
    at sql (C:\APIs\Postgis-Node-API\routes\mvt_layered_schema.js:43:44)
    at PendingItem.onConnect [as callback] (C:\APIs\Postgis-Node-API\routes\mvt_layered_schema.js:185:26)
    at BoundPool._acquireClient (C:\APIs\Postgis-Node-API\node_modules\pg-pool\index.js:301:21)
    at Client._connectionCallback (C:\APIs\Postgis-Node-API\node_modules\pg-pool\index.js:273:21)
    at Client._handleReadyForQuery (C:\APIs\Postgis-Node-API\node_modules\pg\lib\client.js:279:14)
    at Connection.emit (events.js:400:28)
    at C:\APIs\Postgis-Node-API\node_modules\pg\lib\connection.js:114:12
    at Parser.parse (C:\APIs\Postgis-Node-API\node_modules\pg-protocol\dist\parser.js:40:17)
    at Socket.<anonymous> (C:\APIs\Postgis-Node-API\node_modules\pg-protocol\dist\index.js:11:42)
    at Socket.emit (events.js:400:28)
C:\APIs\Postgis-Node-API\routes\mvt_layered_schema.js:43
  let cols = query.columns ? query.columns.filter(c => c!=='geom') : [];
                                           ^

TypeError: query.columns.filter is not a function
    at sql (C:\APIs\Postgis-Node-API\routes\mvt_layered_schema.js:43:44)
    at PendingItem.onConnect [as callback] (C:\APIs\Postgis-Node-API\routes\mvt_layered_schema.js:185:26)
    at BoundPool._acquireClient (C:\APIs\Postgis-Node-API\node_modules\pg-pool\index.js:301:21)
    at BoundPool._pulseQueue (C:\APIs\Postgis-Node-API\node_modules\pg-pool\index.js:146:19)
    at BoundPool._release (C:\APIs\Postgis-Node-API\node_modules\pg-pool\index.js:371:10)
    at C:\APIs\Postgis-Node-API\node_modules\pg-pool\index.js:322:12
    at PendingItem.callback (C:\APIs\Postgis-Node-API\routes\mvt_layered_schema.js:138:11)
    at BoundPool._acquireClient (C:\APIs\Postgis-Node-API\node_modules\pg-pool\index.js:301:21)
    at Client._connectionCallback (C:\APIs\Postgis-Node-API\node_modules\pg-pool\index.js:273:21)
    at Client._handleReadyForQuery (C:\APIs\Postgis-Node-API\node_modules\pg\lib\client.js:279:14)
C:\APIs\Postgis-Node-API\node_modules\pg\lib\query.js:143
          throw err
          ^

TypeError: query.columns.filter is not a function
    at sql (C:\APIs\Postgis-Node-API\routes\mvt_layered_schema.js:43:44)
    at PendingItem.onConnect [as callback] (C:\APIs\Postgis-Node-API\routes\mvt_layered_schema.js:185:26)
    at BoundPool._acquireClient (C:\APIs\Postgis-Node-API\node_modules\pg-pool\index.js:301:21)
    at BoundPool._pulseQueue (C:\APIs\Postgis-Node-API\node_modules\pg-pool\index.js:146:19)
    at BoundPool._release (C:\APIs\Postgis-Node-API\node_modules\pg-pool\index.js:371:10)
    at C:\APIs\Postgis-Node-API\node_modules\pg-pool\index.js:322:12
    at Query.onResult (C:\APIs\Postgis-Node-API\routes\mvt_layered_schema.js:152:15)
    at Query.handleReadyForQuery (C:\APIs\Postgis-Node-API\node_modules\pg\lib\query.js:139:14)
    at Client._handleReadyForQuery (C:\APIs\Postgis-Node-API\node_modules\pg\lib\client.js:290:19)
    at Connection.emit (events.js:400:28)
