Server listening on http://0.0.0.0:3072
mvt Cache ready!
Server listening on http://0.0.0.0:3072
mvt Cache ready!
connect
connect
connect
connect
cache miss: C:/APIs/Postgis-Node-API/deployments/US/tilecache/cong_new_all-geom/3/1/2.mvt 

cache miss: C:/APIs/Postgis-Node-API/deployments/US/tilecache/cong_new_all-geom/3/2/2.mvt 

cache miss: C:/APIs/Postgis-Node-API/deployments/US/tilecache/cong_new_all-geom/3/1/3.mvt 

cache miss: C:/APIs/Postgis-Node-API/deployments/US/tilecache/cong_new_all-geom/3/2/3.mvt 

cache miss: C:/APIs/Postgis-Node-API/deployments/US/tilecache/cong_current_all-geom/3/1/2.mvt 

cache miss: C:/APIs/Postgis-Node-API/deployments/US/tilecache/cong_current_all-geom/3/0/3.mvt 

cache miss: C:/APIs/Postgis-Node-API/deployments/US/tilecache/cong_current_all-geom/3/1/3.mvt 

cache miss: C:/APIs/Postgis-Node-API/deployments/US/tilecache/cong_new_all-geom/3/0/2.mvt 

cache miss: C:/APIs/Postgis-Node-API/deployments/US/tilecache/cong_current_all-geom/3/2/2.mvt 

cache miss: C:/APIs/Postgis-Node-API/deployments/US/tilecache/cong_new_all-geom/3/0/3.mvt 

cache miss: C:/APIs/Postgis-Node-API/deployments/US/tilecache/cong_current_all-geom/3/0/2.mvt 

cache miss: C:/APIs/Postgis-Node-API/deployments/US/tilecache/cong_current_all-geom/3/2/3.mvt 

connect
connect
connect
connect
cache miss: C:/APIs/Postgis-Node-API/deployments/US/tilecache/cong_new_all-geom/3/0/2.mvt 

cache miss: C:/APIs/Postgis-Node-API/deployments/US/tilecache/cong_new_all-geom/4/3/6.mvt 

cache miss: C:/APIs/Postgis-Node-API/deployments/US/tilecache/cong_new_all-geom/4/3/5.mvt 

cache miss: C:/APIs/Postgis-Node-API/deployments/US/tilecache/cong_current_all-geom/4/4/5.mvt 

cache miss: C:/APIs/Postgis-Node-API/deployments/US/tilecache/cong_current_all-geom/4/3/5.mvt 

cache miss: C:/APIs/Postgis-Node-API/deployments/US/tilecache/cong_current_all-geom/4/4/6.mvt 

cache miss: C:/APIs/Postgis-Node-API/deployments/US/tilecache/cong_new_all-geom/4/4/6.mvt 

cache miss: C:/APIs/Postgis-Node-API/deployments/US/tilecache/cong_current_all-geom/4/3/6.mvt 

cache miss: C:/APIs/Postgis-Node-API/deployments/US/tilecache/cong_new_all-geom/4/4/5.mvt 

cache miss: C:/APIs/Postgis-Node-API/deployments/US/tilecache/cong_new_all-geom/5/8/11.mvt 

cache miss: C:/APIs/Postgis-Node-API/deployments/US/tilecache/cong_current_all-geom/5/9/11.mvt 

cache miss: C:/APIs/Postgis-Node-API/deployments/US/tilecache/cong_new_all-geom/5/9/12.mvt 

cache miss: C:/APIs/Postgis-Node-API/deployments/US/tilecache/cong_new_all-geom/5/7/11.mvt 

cache miss: C:/APIs/Postgis-Node-API/deployments/US/tilecache/cong_current_all-geom/5/8/11.mvt 

cache miss: C:/APIs/Postgis-Node-API/deployments/US/tilecache/cong_new_all-geom/5/8/12.mvt 

cache miss: C:/APIs/Postgis-Node-API/deployments/US/tilecache/cong_current_all-geom/5/7/11.mvt 

cache miss: C:/APIs/Postgis-Node-API/deployments/US/tilecache/cong_new_all-geom/5/7/12.mvt 

cache miss: C:/APIs/Postgis-Node-API/deployments/US/tilecache/cong_current_all-geom/5/7/12.mvt 

cache miss: C:/APIs/Postgis-Node-API/deployments/US/tilecache/cong_current_all-geom/5/8/12.mvt 

cache miss: C:/APIs/Postgis-Node-API/deployments/US/tilecache/cong_current_all-geom/5/9/12.mvt 

cache miss: C:/APIs/Postgis-Node-API/deployments/US/tilecache/cong_new_all-geom/5/9/11.mvt 

connect
connect
connect
connect
connect
connect
connect
connect
cache miss: C:/APIs/Postgis-Node-API/deployments/US/tilecache/cong_new_all-geom/3/0/2.mvt 

cache miss: C:/APIs/Postgis-Node-API/deployments/US/tilecache/cong_new_all-geom/3/2/2.mvt 

cache miss: C:/APIs/Postgis-Node-API/deployments/US/tilecache/cong_new_all-geom/3/2/3.mvt 

cache miss: C:/APIs/Postgis-Node-API/deployments/US/tilecache/cong_new_all-geom/3/1/3.mvt 

cache miss: C:/APIs/Postgis-Node-API/deployments/US/tilecache/cong_new_all-geom/3/1/2.mvt 

cache miss: C:/APIs/Postgis-Node-API/deployments/US/tilecache/cong_current_all-geom/3/1/3.mvt 

cache miss: C:/APIs/Postgis-Node-API/deployments/US/tilecache/cong_current_all-geom/3/0/2.mvt 

cache miss: C:/APIs/Postgis-Node-API/deployments/US/tilecache/cong_current_all-geom/3/1/2.mvt 

cache miss: C:/APIs/Postgis-Node-API/deployments/US/tilecache/cong_new_all-geom/3/0/3.mvt 

cache miss: C:/APIs/Postgis-Node-API/deployments/US/tilecache/cong_current_all-geom/3/2/3.mvt 

cache miss: C:/APIs/Postgis-Node-API/deployments/US/tilecache/cong_current_all-geom/3/2/2.mvt 

cache miss: C:/APIs/Postgis-Node-API/deployments/US/tilecache/cong_current_all-geom/3/0/3.mvt 

connect
connect
connect
connect
connect
connect
connect
connect
connect
connect
connect
connect
Error: listen EACCES: permission denied 0.0.0.0:80
    at Server.setupListenHandle [as _listen2] (net.js:1314:21)
    at listenInCluster (net.js:1379:12)
    at doListen (net.js:1516:7)
    at processTicksAndRejections (internal/process/task_queues.js:83:21) {
  code: 'EACCES',
  errno: -4092,
  syscall: 'listen',
  address: '0.0.0.0',
  port: 80
}
Error: listen EACCES: permission denied 0.0.0.0:80
    at Server.setupListenHandle [as _listen2] (net.js:1314:21)
    at listenInCluster (net.js:1379:12)
    at doListen (net.js:1516:7)
    at processTicksAndRejections (internal/process/task_queues.js:83:21) {
  code: 'EACCES',
  errno: -4092,
  syscall: 'listen',
  address: '0.0.0.0',
  port: 80
}
Error: listen EACCES: permission denied 0.0.0.0:80
    at Server.setupListenHandle [as _listen2] (net.js:1314:21)
    at listenInCluster (net.js:1379:12)
    at doListen (net.js:1516:7)
    at processTicksAndRejections (internal/process/task_queues.js:83:21) {
  code: 'EACCES',
  errno: -4092,
  syscall: 'listen',
  address: '0.0.0.0',
  port: 80
}
Error: listen EACCES: permission denied 0.0.0.0:80
    at Server.setupListenHandle [as _listen2] (net.js:1314:21)
    at listenInCluster (net.js:1379:12)
    at doListen (net.js:1516:7)
    at processTicksAndRejections (internal/process/task_queues.js:83:21) {
  code: 'EACCES',
  errno: -4092,
  syscall: 'listen',
  address: '0.0.0.0',
  port: 80
}
Error: listen EACCES: permission denied 0.0.0.0:80
    at Server.setupListenHandle [as _listen2] (net.js:1314:21)
    at listenInCluster (net.js:1379:12)
    at doListen (net.js:1516:7)
    at processTicksAndRejections (internal/process/task_queues.js:83:21) {
  code: 'EACCES',
  errno: -4092,
  syscall: 'listen',
  address: '0.0.0.0',
  port: 80
}
Error: listen EACCES: permission denied 0.0.0.0:80
    at Server.setupListenHandle [as _listen2] (net.js:1314:21)
    at listenInCluster (net.js:1379:12)
    at doListen (net.js:1516:7)
    at processTicksAndRejections (internal/process/task_queues.js:83:21) {
  code: 'EACCES',
  errno: -4092,
  syscall: 'listen',
  address: '0.0.0.0',
  port: 80
}
Error: listen EACCES: permission denied 0.0.0.0:80
    at Server.setupListenHandle [as _listen2] (net.js:1314:21)
    at listenInCluster (net.js:1379:12)
    at doListen (net.js:1516:7)
    at processTicksAndRejections (internal/process/task_queues.js:83:21) {
  code: 'EACCES',
  errno: -4092,
  syscall: 'listen',
  address: '0.0.0.0',
  port: 80
}
Server listening on http://0.0.0.0:4030
mvt Cache ready!
connect
connect
connect
cache miss: C:/APIs/Postgis-Node-API/deployments/IMAGE_NYC_2022/tilecache/nta_noparks_2019_geom-geom/13/2414/3080.mvt 

cache miss: C:/APIs/Postgis-Node-API/deployments/IMAGE_NYC_2022/tilecache/nta_noparks_2019_geom-geom/13/2413/3080.mvt 

cache miss: C:/APIs/Postgis-Node-API/deployments/IMAGE_NYC_2022/tilecache/nta_noparks_2019_geom-geom/13/2415/3080.mvt 

connect
connect
connect
connect
connect
connect
connect
connect
connect
connect
connect
connect
connect
connect
cache miss: C:/APIs/Postgis-Node-API/deployments/IMAGE_NYC_2022/tilecache/nta_noparks_2019_geom-geom/9/151/192.mvt 

cache miss: C:/APIs/Postgis-Node-API/deployments/IMAGE_NYC_2022/tilecache/nta_noparks_2019_geom-geom/9/151/193.mvt 

cache miss: C:/APIs/Postgis-Node-API/deployments/IMAGE_NYC_2022/tilecache/nta_noparks_2019_geom-geom/9/150/193.mvt 

cache miss: C:/APIs/Postgis-Node-API/deployments/IMAGE_NYC_2022/tilecache/nta_noparks_2019_geom-geom/9/149/192.mvt 

cache miss: C:/APIs/Postgis-Node-API/deployments/IMAGE_NYC_2022/tilecache/nta_noparks_2019_geom-geom/9/152/193.mvt 

cache miss: C:/APIs/Postgis-Node-API/deployments/IMAGE_NYC_2022/tilecache/nta_noparks_2019_geom-geom/9/149/191.mvt 

cache miss: C:/APIs/Postgis-Node-API/deployments/IMAGE_NYC_2022/tilecache/nta_noparks_2019_geom-geom/9/151/191.mvt 

cache miss: C:/APIs/Postgis-Node-API/deployments/IMAGE_NYC_2022/tilecache/nta_noparks_2019_geom-geom/9/152/191.mvt 

cache miss: C:/APIs/Postgis-Node-API/deployments/IMAGE_NYC_2022/tilecache/nta_noparks_2019_geom-geom/9/152/192.mvt 

cache miss: C:/APIs/Postgis-Node-API/deployments/IMAGE_NYC_2022/tilecache/nta_noparks_2019_geom-geom/9/150/191.mvt 

cache miss: C:/APIs/Postgis-Node-API/deployments/IMAGE_NYC_2022/tilecache/nta_noparks_2019_geom-geom/9/149/193.mvt 

cache miss: C:/APIs/Postgis-Node-API/deployments/IMAGE_NYC_2022/tilecache/nta_noparks_2019_geom-geom/9/150/192.mvt 

cache miss: C:/APIs/Postgis-Node-API/deployments/IMAGE_NYC_2022/tilecache/nta_noparks_2019_geom-geom/9/150/193.mvt 

cache miss: C:/APIs/Postgis-Node-API/deployments/IMAGE_NYC_2022/tilecache/nta_noparks_2019_geom-geom/9/149/192.mvt 

cache miss: C:/APIs/Postgis-Node-API/deployments/IMAGE_NYC_2022/tilecache/nta_noparks_2019_geom-geom/9/152/193.mvt 

cache miss: C:/APIs/Postgis-Node-API/deployments/IMAGE_NYC_2022/tilecache/nta_noparks_2019_geom-geom/9/150/191.mvt 

cache miss: C:/APIs/Postgis-Node-API/deployments/IMAGE_NYC_2022/tilecache/nta_noparks_2019_geom-geom/9/151/191.mvt 

cache miss: C:/APIs/Postgis-Node-API/deployments/IMAGE_NYC_2022/tilecache/nta_noparks_2019_geom-geom/9/149/193.mvt 

cache miss: C:/APIs/Postgis-Node-API/deployments/IMAGE_NYC_2022/tilecache/nta_noparks_2019_geom-geom/9/149/191.mvt 

cache miss: C:/APIs/Postgis-Node-API/deployments/IMAGE_NYC_2022/tilecache/nta_noparks_2019_geom-geom/9/151/193.mvt 

cache miss: C:/APIs/Postgis-Node-API/deployments/IMAGE_NYC_2022/tilecache/nta_noparks_2019_geom-geom/9/152/191.mvt 

cache miss: C:/APIs/Postgis-Node-API/deployments/IMAGE_NYC_2022/tilecache/nta_noparks_2019_geom-geom/9/152/192.mvt 

cache miss: C:/APIs/Postgis-Node-API/deployments/IMAGE_NYC_2022/tilecache/nta_noparks_2019_geom-geom/9/151/191.mvt 

cache miss: C:/APIs/Postgis-Node-API/deployments/IMAGE_NYC_2022/tilecache/nta_noparks_2019_geom-geom/9/150/193.mvt 

cache miss: C:/APIs/Postgis-Node-API/deployments/IMAGE_NYC_2022/tilecache/nta_noparks_2019_geom-geom/9/150/191.mvt 

cache miss: C:/APIs/Postgis-Node-API/deployments/IMAGE_NYC_2022/tilecache/nta_noparks_2019_geom-geom/9/149/193.mvt 

cache miss: C:/APIs/Postgis-Node-API/deployments/IMAGE_NYC_2022/tilecache/nta_noparks_2019_geom-geom/9/151/193.mvt 

cache miss: C:/APIs/Postgis-Node-API/deployments/IMAGE_NYC_2022/tilecache/nta_noparks_2019_geom-geom/9/152/191.mvt 

cache miss: C:/APIs/Postgis-Node-API/deployments/IMAGE_NYC_2022/tilecache/nta_noparks_2019_geom-geom/9/152/192.mvt 

cache miss: C:/APIs/Postgis-Node-API/deployments/IMAGE_NYC_2022/tilecache/nta_noparks_2019_geom-geom/9/152/193.mvt 

cache miss: C:/APIs/Postgis-Node-API/deployments/IMAGE_NYC_2022/tilecache/nta_noparks_2019_geom-geom/9/149/192.mvt 

cache miss: C:/APIs/Postgis-Node-API/deployments/IMAGE_NYC_2022/tilecache/nta_noparks_2019_geom-geom/9/149/191.mvt 

cache miss: C:/APIs/Postgis-Node-API/deployments/IMAGE_NYC_2022/tilecache/nta_noparks_2019_geom-geom/9/150/191.mvt 

cache miss: C:/APIs/Postgis-Node-API/deployments/IMAGE_NYC_2022/tilecache/nta_noparks_2019_geom-geom/9/150/193.mvt 

cache miss: C:/APIs/Postgis-Node-API/deployments/IMAGE_NYC_2022/tilecache/nta_noparks_2019_geom-geom/9/151/191.mvt 

cache miss: C:/APIs/Postgis-Node-API/deployments/IMAGE_NYC_2022/tilecache/nta_noparks_2019_geom-geom/9/149/193.mvt 

cache miss: C:/APIs/Postgis-Node-API/deployments/IMAGE_NYC_2022/tilecache/nta_noparks_2019_geom-geom/9/151/193.mvt 

cache miss: C:/APIs/Postgis-Node-API/deployments/IMAGE_NYC_2022/tilecache/nta_noparks_2019_geom-geom/9/152/191.mvt 

cache miss: C:/APIs/Postgis-Node-API/deployments/IMAGE_NYC_2022/tilecache/nta_noparks_2019_geom-geom/9/152/192.mvt 

cache miss: C:/APIs/Postgis-Node-API/deployments/IMAGE_NYC_2022/tilecache/nta_noparks_2019_geom-geom/9/152/193.mvt 

cache miss: C:/APIs/Postgis-Node-API/deployments/IMAGE_NYC_2022/tilecache/nta_noparks_2019_geom-geom/9/149/191.mvt 

cache miss: C:/APIs/Postgis-Node-API/deployments/IMAGE_NYC_2022/tilecache/nta_noparks_2019_geom-geom/9/149/192.mvt 

cache miss: C:/APIs/Postgis-Node-API/deployments/IMAGE_NYC_2022/tilecache/nta_noparks_2019_geom-geom/9/150/191.mvt 

cache miss: C:/APIs/Postgis-Node-API/deployments/IMAGE_NYC_2022/tilecache/nta_noparks_2019_geom-geom/9/150/193.mvt 

cache miss: C:/APIs/Postgis-Node-API/deployments/IMAGE_NYC_2022/tilecache/nta_noparks_2019_geom-geom/9/151/191.mvt 

cache miss: C:/APIs/Postgis-Node-API/deployments/IMAGE_NYC_2022/tilecache/nta_noparks_2019_geom-geom/9/149/193.mvt 

cache miss: C:/APIs/Postgis-Node-API/deployments/IMAGE_NYC_2022/tilecache/nta_noparks_2019_geom-geom/9/151/193.mvt 

cache miss: C:/APIs/Postgis-Node-API/deployments/IMAGE_NYC_2022/tilecache/nta_noparks_2019_geom-geom/9/152/191.mvt 

cache miss: C:/APIs/Postgis-Node-API/deployments/IMAGE_NYC_2022/tilecache/nta_noparks_2019_geom-geom/9/152/192.mvt 

cache miss: C:/APIs/Postgis-Node-API/deployments/IMAGE_NYC_2022/tilecache/nta_noparks_2019_geom-geom/9/152/193.mvt 

cache miss: C:/APIs/Postgis-Node-API/deployments/IMAGE_NYC_2022/tilecache/nta_noparks_2019_geom-geom/9/149/191.mvt 

cache miss: C:/APIs/Postgis-Node-API/deployments/IMAGE_NYC_2022/tilecache/nta_noparks_2019_geom-geom/9/149/192.mvt 

cache miss: C:/APIs/Postgis-Node-API/deployments/IMAGE_NYC_2022/tilecache/nta_noparks_2019_geom-geom/9/149/193.mvt 

cache miss: C:/APIs/Postgis-Node-API/deployments/IMAGE_NYC_2022/tilecache/nta_noparks_2019_geom-geom/9/151/191.mvt 

cache miss: C:/APIs/Postgis-Node-API/deployments/IMAGE_NYC_2022/tilecache/nta_noparks_2019_geom-geom/9/150/191.mvt 

cache miss: C:/APIs/Postgis-Node-API/deployments/IMAGE_NYC_2022/tilecache/nta_noparks_2019_geom-geom/9/150/193.mvt 

cache miss: C:/APIs/Postgis-Node-API/deployments/IMAGE_NYC_2022/tilecache/nta_noparks_2019_geom-geom/9/151/193.mvt 

cache miss: C:/APIs/Postgis-Node-API/deployments/IMAGE_NYC_2022/tilecache/nta_noparks_2019_geom-geom/9/152/191.mvt 

cache miss: C:/APIs/Postgis-Node-API/deployments/IMAGE_NYC_2022/tilecache/nta_noparks_2019_geom-geom/9/152/192.mvt 

cache miss: C:/APIs/Postgis-Node-API/deployments/IMAGE_NYC_2022/tilecache/nta_noparks_2019_geom-geom/9/152/193.mvt 

cache miss: C:/APIs/Postgis-Node-API/deployments/IMAGE_NYC_2022/tilecache/nta_noparks_2019_geom-geom/9/149/192.mvt 

cache miss: C:/APIs/Postgis-Node-API/deployments/IMAGE_NYC_2022/tilecache/nta_noparks_2019_geom-geom/9/149/191.mvt 

cache miss: C:/APIs/Postgis-Node-API/deployments/IMAGE_NYC_2022/tilecache/nta_noparks_2019_geom-geom/9/149/193.mvt 

cache miss: C:/APIs/Postgis-Node-API/deployments/IMAGE_NYC_2022/tilecache/nta_noparks_2019_geom-geom/9/150/191.mvt 

cache miss: C:/APIs/Postgis-Node-API/deployments/IMAGE_NYC_2022/tilecache/nta_noparks_2019_geom-geom/9/150/193.mvt 

cache miss: C:/APIs/Postgis-Node-API/deployments/IMAGE_NYC_2022/tilecache/nta_noparks_2019_geom-geom/9/151/191.mvt 

cache miss: C:/APIs/Postgis-Node-API/deployments/IMAGE_NYC_2022/tilecache/nta_noparks_2019_geom-geom/9/151/193.mvt 

cache miss: C:/APIs/Postgis-Node-API/deployments/IMAGE_NYC_2022/tilecache/nta_noparks_2019_geom-geom/9/152/191.mvt 

cache miss: C:/APIs/Postgis-Node-API/deployments/IMAGE_NYC_2022/tilecache/nta_noparks_2019_geom-geom/9/152/192.mvt 

cache miss: C:/APIs/Postgis-Node-API/deployments/IMAGE_NYC_2022/tilecache/nta_noparks_2019_geom-geom/9/152/193.mvt 

cache miss: C:/APIs/Postgis-Node-API/deployments/IMAGE_NYC_2022/tilecache/nta_noparks_2019_geom-geom/9/149/192.mvt 

cache miss: C:/APIs/Postgis-Node-API/deployments/IMAGE_NYC_2022/tilecache/nta_noparks_2019_geom-geom/9/150/191.mvt 

cache miss: C:/APIs/Postgis-Node-API/deployments/IMAGE_NYC_2022/tilecache/nta_noparks_2019_geom-geom/9/149/191.mvt 

cache miss: C:/APIs/Postgis-Node-API/deployments/IMAGE_NYC_2022/tilecache/nta_noparks_2019_geom-geom/9/151/191.mvt 

cache miss: C:/APIs/Postgis-Node-API/deployments/IMAGE_NYC_2022/tilecache/nta_noparks_2019_geom-geom/9/149/193.mvt 

cache miss: C:/APIs/Postgis-Node-API/deployments/IMAGE_NYC_2022/tilecache/nta_noparks_2019_geom-geom/9/150/193.mvt 

Server listening on http://0.0.0.0:4030
mvt Cache ready!
connect
connect
connect
connect
connect
connect
cache miss: C:/APIs/Postgis-Node-API/deployments/IMAGE_NYC_2022/tilecache/nta_noparks_2019_geom-geom/9/151/193.mvt 

cache miss: C:/APIs/Postgis-Node-API/deployments/IMAGE_NYC_2022/tilecache/nta_noparks_2019_geom-geom/9/152/191.mvt 

cache miss: C:/APIs/Postgis-Node-API/deployments/IMAGE_NYC_2022/tilecache/nta_noparks_2019_geom-geom/9/152/192.mvt 

cache miss: C:/APIs/Postgis-Node-API/deployments/IMAGE_NYC_2022/tilecache/nta_noparks_2019_geom-geom/9/152/193.mvt 

cache miss: C:/APIs/Postgis-Node-API/deployments/IMAGE_NYC_2022/tilecache/nta_noparks_2019_geom-geom/9/149/192.mvt 

cache miss: C:/APIs/Postgis-Node-API/deployments/IMAGE_NYC_2022/tilecache/nta_noparks_2019_geom-geom/9/150/191.mvt 

cache miss: C:/APIs/Postgis-Node-API/deployments/IMAGE_NYC_2022/tilecache/nta_noparks_2019_geom-geom/9/151/191.mvt 

cache miss: C:/APIs/Postgis-Node-API/deployments/IMAGE_NYC_2022/tilecache/nta_noparks_2019_geom-geom/9/149/191.mvt 

cache miss: C:/APIs/Postgis-Node-API/deployments/IMAGE_NYC_2022/tilecache/nta_noparks_2019_geom-geom/9/149/193.mvt 

cache miss: C:/APIs/Postgis-Node-API/deployments/IMAGE_NYC_2022/tilecache/nta_noparks_2019_geom-geom/9/150/193.mvt 

cache miss: C:/APIs/Postgis-Node-API/deployments/IMAGE_NYC_2022/tilecache/nta_noparks_2019_geom-geom/9/151/193.mvt 

Server listening on http://0.0.0.0:4030
mvt Cache ready!
Server listening on http://0.0.0.0:4030
mvt Cache ready!
Server listening on http://0.0.0.0:4030
mvt Cache ready!
Server listening on http://0.0.0.0:4030
mvt Cache ready!
